This is pdfTeX, Version 3.14159265-2.6-1.40.16 (TeX Live 2015/Debian) (preloaded format=pdflatex 2017.11.14)  14 NOV 2017 17:10
entering extended mode
 restricted \write18 enabled.
 %&-line parsing enabled.
**how-it-works.tex
(./how-it-works.tex
LaTeX2e <2016/02/01>
Babel <3.9q> and hyphenation patterns for 5 language(s) loaded.
(/usr/share/texlive/texmf-dist/tex/latex/base/article.cls
Document Class: article 2014/09/29 v1.4h Standard LaTeX document class
(/usr/share/texlive/texmf-dist/tex/latex/base/size12.clo
File: size12.clo 2014/09/29 v1.4h Standard LaTeX file (size option)
)
\c@part=\count79
\c@section=\count80
\c@subsection=\count81
\c@subsubsection=\count82
\c@paragraph=\count83
\c@subparagraph=\count84
\c@figure=\count85
\c@table=\count86
\abovecaptionskip=\skip41
\belowcaptionskip=\skip42
\bibindent=\dimen102
)
(/usr/share/texlive/texmf-dist/tex/latex/amsmath/amsmath.sty
Package: amsmath 2016/03/03 v2.15a AMS math features
\@mathmargin=\skip43

For additional information on amsmath, use the `?' option.
(/usr/share/texlive/texmf-dist/tex/latex/amsmath/amstext.sty
Package: amstext 2000/06/29 v2.01 AMS text

(/usr/share/texlive/texmf-dist/tex/latex/amsmath/amsgen.sty
File: amsgen.sty 1999/11/30 v2.0 generic functions
\@emptytoks=\toks14
\ex@=\dimen103
))
(/usr/share/texlive/texmf-dist/tex/latex/amsmath/amsbsy.sty
Package: amsbsy 1999/11/29 v1.2d Bold Symbols
\pmbraise@=\dimen104
)
(/usr/share/texlive/texmf-dist/tex/latex/amsmath/amsopn.sty
Package: amsopn 1999/12/14 v2.01 operator names
)
\inf@bad=\count87
LaTeX Info: Redefining \frac on input line 199.
\uproot@=\count88
\leftroot@=\count89
LaTeX Info: Redefining \overline on input line 297.
\classnum@=\count90
\DOTSCASE@=\count91
LaTeX Info: Redefining \ldots on input line 394.
LaTeX Info: Redefining \dots on input line 397.
LaTeX Info: Redefining \cdots on input line 518.
\Mathstrutbox@=\box26
\strutbox@=\box27
\big@size=\dimen105
LaTeX Font Info:    Redeclaring font encoding OML on input line 630.
LaTeX Font Info:    Redeclaring font encoding OMS on input line 631.
\macc@depth=\count92
\c@MaxMatrixCols=\count93
\dotsspace@=\muskip10
\c@parentequation=\count94
\dspbrk@lvl=\count95
\tag@help=\toks15
\row@=\count96
\column@=\count97
\maxfields@=\count98
\andhelp@=\toks16
\eqnshift@=\dimen106
\alignsep@=\dimen107
\tagshift@=\dimen108
\tagwidth@=\dimen109
\totwidth@=\dimen110
\lineht@=\dimen111
\@envbody=\toks17
\multlinegap=\skip44
\multlinetaggap=\skip45
\mathdisplay@stack=\toks18
LaTeX Info: Redefining \[ on input line 2735.
LaTeX Info: Redefining \] on input line 2736.
)
(./how-it-works.aux)
\openout1 = `how-it-works.aux'.

LaTeX Font Info:    Checking defaults for OML/cmm/m/it on input line 3.
LaTeX Font Info:    ... okay on input line 3.
LaTeX Font Info:    Checking defaults for T1/cmr/m/n on input line 3.
LaTeX Font Info:    ... okay on input line 3.
LaTeX Font Info:    Checking defaults for OT1/cmr/m/n on input line 3.
LaTeX Font Info:    ... okay on input line 3.
LaTeX Font Info:    Checking defaults for OMS/cmsy/m/n on input line 3.
LaTeX Font Info:    ... okay on input line 3.
LaTeX Font Info:    Checking defaults for OMX/cmex/m/n on input line 3.
LaTeX Font Info:    ... okay on input line 3.
LaTeX Font Info:    Checking defaults for U/cmr/m/n on input line 3.
LaTeX Font Info:    ... okay on input line 3.
LaTeX Font Info:    Try loading font information for OMS+cmr on input line 19.
 (/usr/share/texlive/texmf-dist/tex/latex/base/omscmr.fd
File: omscmr.fd 2014/09/29 v2.5h Standard LaTeX font definitions
)
LaTeX Font Info:    Font shape `OMS/cmr/m/n' in size <12> not available
(Font)              Font shape `OMS/cmsy/m/n' tried instead on input line 19.

Underfull \hbox (badness 10000) in paragraph at lines 28--35

 []


Underfull \hbox (badness 10000) in paragraph at lines 28--35

 []


Underfull \hbox (badness 10000) in paragraph at lines 28--35

 []


Overfull \hbox (13.75551pt too wide) in paragraph at lines 28--35
\OT1/cmr/m/n/12 To get all of the files, a new method called \OT1/cmr/bx/n/12 r
ead-Files \OT1/cmr/m/n/12 from the file \OT1/cmtt/m/n/12 pandabase.py
 []

[1

{/var/lib/texmf/fonts/map/pdftex/updmap/pdftex.map}]
Underfull \hbox (badness 10000) in paragraph at lines 37--40

 []


Overfull \hbox (43.07932pt too wide) in paragraph at lines 42--46
\OT1/cmr/m/n/12 Before any new columns are cre-ated, a new DataFrame called \OT
1/cmtt/m/n/12 orders[]details[][]prior
 []


Overfull \hbox (25.06042pt too wide) in paragraph at lines 42--46
\OT1/cmr/m/n/12 was cre-ated by join-ing/merging \OT1/cmtt/m/n/12 order[]produc
ts[][]prior \OT1/cmr/m/n/12 and \OT1/cmtt/m/n/12 orders \OT1/cmr/m/n/12 on \OT1
/cmtt/m/n/12 order[]id\OT1/cmr/m/n/12 .
 []


Underfull \hbox (badness 10000) in paragraph at lines 42--46

 []


Overfull \hbox (68.52339pt too wide) in paragraph at lines 42--46
\OT1/cmr/m/n/12 A new fea-ture called \OT1/cmtt/m/n/12 no[]of[]times[]user[]bou
ght[]item \OT1/cmr/m/n/12 is cre-ated in \OT1/cmtt/m/n/12 orders[]details[][]pr
ior
 []

[2]
LaTeX Font Info:    Font shape `OT1/cmtt/bx/n' in size <12> not available
(Font)              Font shape `OT1/cmtt/m/n' tried instead on input line 53.

Underfull \hbox (badness 10000) in paragraph at lines 48--69

 []


Underfull \hbox (badness 10000) in paragraph at lines 48--69

 []


Underfull \hbox (badness 10000) in paragraph at lines 48--69

 []


Underfull \hbox (badness 10000) in paragraph at lines 48--69

 []


Underfull \hbox (badness 10000) in paragraph at lines 74--90

 []


Underfull \hbox (badness 10000) in paragraph at lines 74--90

 []


Underfull \hbox (badness 10000) in paragraph at lines 74--90

 []

[3]
Underfull \hbox (badness 10000) in paragraph at lines 94--98

 []


Underfull \hbox (badness 10000) in paragraph at lines 94--98

 []


Underfull \hbox (badness 10000) in paragraph at lines 100--121

 []


Underfull \hbox (badness 10000) in paragraph at lines 100--121

 []


Underfull \hbox (badness 10000) in paragraph at lines 100--121

 []


Underfull \hbox (badness 10000) in paragraph at lines 100--121

 []


Underfull \hbox (badness 10000) in paragraph at lines 100--121

 []

[4]
Underfull \hbox (badness 10000) in paragraph at lines 130--136

 []


Underfull \hbox (badness 10000) in paragraph at lines 145--150

 []


Underfull \hbox (badness 10000) in paragraph at lines 162--183

 []


Underfull \hbox (badness 10000) in paragraph at lines 162--183

 []


Underfull \hbox (badness 10000) in paragraph at lines 162--183

 []


Underfull \hbox (badness 10000) in paragraph at lines 162--183

 []


Underfull \hbox (badness 10000) in paragraph at lines 162--183

 []

[5]
Underfull \hbox (badness 10000) in paragraph at lines 187--192

 []


Underfull \hbox (badness 10000) in paragraph at lines 194--199

 []

[6] (./how-it-works.aux) ) 
Here is how much of TeX's memory you used:
 868 strings out of 494910
 9826 string characters out of 6179835
 64954 words of memory out of 5000000
 4212 multiletter control sequences out of 15000+600000
 10449 words of font info for 38 fonts, out of 8000000 for 9000
 36 hyphenation exceptions out of 8191
 27i,19n,20p,693b,189s stack positions out of 5000i,500n,10000p,200000b,80000s
</usr/share/texlive/texmf-dist/fonts/type1/public/ams
fonts/cm/cmbx12.pfb></usr/share/texlive/texmf-dist/fonts/type1/public/amsfonts/
cm/cmmi12.pfb></usr/share/texlive/texmf-dist/fonts/type1/public/amsfonts/cm/cmr
12.pfb></usr/share/texlive/texmf-dist/fonts/type1/public/amsfonts/cm/cmr17.pfb>
</usr/share/texlive/texmf-dist/fonts/type1/public/amsfonts/cm/cmsy10.pfb></usr/
share/texlive/texmf-dist/fonts/type1/public/amsfonts/cm/cmsy8.pfb></usr/share/t
exlive/texmf-dist/fonts/type1/public/amsfonts/cm/cmti12.pfb></usr/share/texlive
/texmf-dist/fonts/type1/public/amsfonts/cm/cmtt12.pfb>
Output written on how-it-works.pdf (6 pages, 98591 bytes).
PDF statistics:
 55 PDF objects out of 1000 (max. 8388607)
 38 compressed objects within 1 object stream
 0 named destinations out of 1000 (max. 500000)
 1 words of extra memory for PDF output out of 10000 (max. 10000000)

